<?xml version="1.0" encoding="UTF-8"?>
<!-- Generated by org.testng.reporters.JUnitXMLReporter -->
<testsuite hostname="GSD-89048532" name="Default test(failed)" tests="5" failures="4" timestamp="18 Jul 2019 04:33:10 GMT" time="662.448" errors="0">
  <testcase name="TC120_RC01_Macroeconomic_Information_Go" time="63.694" classname="com.hybridFramework.ResearchCentre.TSResearchCenter_MacroeconomicInformation">
    <failure type="org.openqa.selenium.NoSuchElementException" message="no such element: Unable to locate element: {&amp;quot;method&amp;quot;:&amp;quot;xpath&amp;quot;,&amp;quot;selector&amp;quot;:&amp;quot;//section[@id=&amp;apos;EssentialSourcesTab&amp;apos; or @class=&amp;apos;essential&amp;apos;]/div/div/div/source-card/div/div/img[@alt=&amp;quot;Click on the BCG Financial Data Portal – S&amp;amp;P Capital IQ Financial Data logo to view more.&amp;quot;]/parent::div//a[text()=&amp;apos;Go&amp;apos;]&amp;quot;}
  (Session info: chrome=75.0.3770.100)
  (Driver info: chromedriver=2.46.628402 (536cd7adbad73a3783fdc2cab92ab2ba7ec361e1),platform=Windows NT 10.0.16299 x86_64) (WARNING: The server did not provide any stacktrace information)
Command duration or timeout: 0 milliseconds
For documentation on this error, please visit: http://seleniumhq.org/exceptions/no_such_element.html
Build info: version: &amp;apos;3.13.0&amp;apos;, revision: &amp;apos;2f0d292&amp;apos;, time: &amp;apos;2018-06-25T15:24:21.231Z&amp;apos;
System info: host: &amp;apos;GSD-89048532&amp;apos;, ip: &amp;apos;10.190.36.192&amp;apos;, os.name: &amp;apos;Windows 10&amp;apos;, os.arch: &amp;apos;amd64&amp;apos;, os.version: &amp;apos;10.0&amp;apos;, java.version: &amp;apos;1.8.0_201&amp;apos;
Driver info: org.openqa.selenium.chrome.ChromeDriver
Capabilities {acceptInsecureCerts: false, acceptSslCerts: false, applicationCacheEnabled: false, browserConnectionEnabled: false, browserName: chrome, chrome: {chromedriverVersion: 2.46.628402 (536cd7adbad73a..., userDataDir: C:\Users\KUMARK~1\AppData\L...}, cssSelectorsEnabled: true, databaseEnabled: false, goog:chromeOptions: {debuggerAddress: localhost:61123}, handlesAlerts: true, hasTouchScreen: false, javascriptEnabled: true, locationContextEnabled: true, mobileEmulationEnabled: false, nativeEvents: true, networkConnectionEnabled: false, pageLoadStrategy: normal, platform: XP, platformName: XP, proxy: Proxy(manual, http=GSD-8904..., rotatable: false, setWindowRect: true, strictFileInteractability: false, takesHeapSnapshot: true, takesScreenshot: true, timeouts: {implicit: 0, pageLoad: 300000, script: 30000}, unexpectedAlertBehaviour: ignore, unhandledPromptBehavior: ignore, version: 75.0.3770.100, webStorageEnabled: true}
Session ID: d33de6aba06c466b68ddb2610c9f73d7
*** Element info: {Using=xpath, value=//section[@id=&amp;apos;EssentialSourcesTab&amp;apos; or @class=&amp;apos;essential&amp;apos;]/div/div/div/source-card/div/div/img[@alt=&amp;quot;Click on the BCG Financial Data Portal – S&amp;amp;P Capital IQ Financial Data logo to view more.&amp;quot;]/parent::div//a[text()=&amp;apos;Go&amp;apos;]}">
      <![CDATA[org.openqa.selenium.NoSuchElementException: no such element: Unable to locate element: {"method":"xpath","selector":"//section[@id='EssentialSourcesTab' or @class='essential']/div/div/div/source-card/div/div/img[@alt="Click on the BCG Financial Data Portal – S&P Capital IQ Financial Data logo to view more."]/parent::div//a[text()='Go']"}
  (Session info: chrome=75.0.3770.100)
  (Driver info: chromedriver=2.46.628402 (536cd7adbad73a3783fdc2cab92ab2ba7ec361e1),platform=Windows NT 10.0.16299 x86_64) (WARNING: The server did not provide any stacktrace information)
Command duration or timeout: 0 milliseconds
For documentation on this error, please visit: http://seleniumhq.org/exceptions/no_such_element.html
Build info: version: '3.13.0', revision: '2f0d292', time: '2018-06-25T15:24:21.231Z'
System info: host: 'GSD-89048532', ip: '10.190.36.192', os.name: 'Windows 10', os.arch: 'amd64', os.version: '10.0', java.version: '1.8.0_201'
Driver info: org.openqa.selenium.chrome.ChromeDriver
Capabilities {acceptInsecureCerts: false, acceptSslCerts: false, applicationCacheEnabled: false, browserConnectionEnabled: false, browserName: chrome, chrome: {chromedriverVersion: 2.46.628402 (536cd7adbad73a..., userDataDir: C:\Users\KUMARK~1\AppData\L...}, cssSelectorsEnabled: true, databaseEnabled: false, goog:chromeOptions: {debuggerAddress: localhost:61123}, handlesAlerts: true, hasTouchScreen: false, javascriptEnabled: true, locationContextEnabled: true, mobileEmulationEnabled: false, nativeEvents: true, networkConnectionEnabled: false, pageLoadStrategy: normal, platform: XP, platformName: XP, proxy: Proxy(manual, http=GSD-8904..., rotatable: false, setWindowRect: true, strictFileInteractability: false, takesHeapSnapshot: true, takesScreenshot: true, timeouts: {implicit: 0, pageLoad: 300000, script: 30000}, unexpectedAlertBehaviour: ignore, unhandledPromptBehavior: ignore, version: 75.0.3770.100, webStorageEnabled: true}
Session ID: d33de6aba06c466b68ddb2610c9f73d7
*** Element info: {Using=xpath, value=//section[@id='EssentialSourcesTab' or @class='essential']/div/div/div/source-card/div/div/img[@alt="Click on the BCG Financial Data Portal – S&P Capital IQ Financial Data logo to view more."]/parent::div//a[text()='Go']}
	at org.openqa.selenium.remote.ErrorHandler.createThrowable(ErrorHandler.java:214)
	at org.openqa.selenium.remote.ErrorHandler.throwIfResponseFailed(ErrorHandler.java:166)
	at org.openqa.selenium.remote.http.JsonHttpResponseCodec.reconstructValue(JsonHttpResponseCodec.java:40)
	at org.openqa.selenium.remote.http.AbstractHttpResponseCodec.decode(AbstractHttpResponseCodec.java:80)
	at org.openqa.selenium.remote.http.AbstractHttpResponseCodec.decode(AbstractHttpResponseCodec.java:44)
	at org.openqa.selenium.remote.HttpCommandExecutor.execute(HttpCommandExecutor.java:158)
	at org.openqa.selenium.remote.service.DriverCommandExecutor.execute(DriverCommandExecutor.java:83)
	at org.openqa.selenium.remote.RemoteWebDriver.execute(RemoteWebDriver.java:548)
	at org.openqa.selenium.remote.RemoteWebDriver.findElement(RemoteWebDriver.java:322)
	at org.openqa.selenium.remote.RemoteWebDriver.findElementByXPath(RemoteWebDriver.java:424)
	at org.openqa.selenium.By$ByXPath.findElement(By.java:353)
	at org.openqa.selenium.remote.RemoteWebDriver.findElement(RemoteWebDriver.java:314)
	at org.openqa.selenium.support.pagefactory.DefaultElementLocator.findElement(DefaultElementLocator.java:69)
	at org.openqa.selenium.support.pagefactory.internal.LocatingElementHandler.invoke(LocatingElementHandler.java:38)
	at com.sun.proxy.$Proxy12.click(Unknown Source)
	at com.hybridFramework.PageObject.ResearchCenter_Home.ClickOnGotosourceLink(ResearchCenter_Home.java:134)
	at com.hybridFramework.ResearchCentre.TSResearchCenter_MacroeconomicInformation.TC120_RC01_Macroeconomic_Information_Go(TSResearchCenter_MacroeconomicInformation.java:78)
... Removed 28 stack frames]]>
    </failure>
  </testcase> <!-- TC120_RC01_Macroeconomic_Information_Go -->
  <testcase name="TC124_RC19_MacroeconomicInformation_SourcePage_Go" time="64.273" classname="com.hybridFramework.ResearchCentre.TSResearchCenter_MacroeconomicInformation">
    <failure type="java.lang.AssertionError" message="The following asserts failed:
	digitalData.search.internal.toolName is not verified expected [true] but found [false]">
      <![CDATA[java.lang.AssertionError: The following asserts failed:
	digitalData.search.internal.toolName is not verified expected [true] but found [false]
	at com.hybridFramework.PageObject.ResearchCenter_MacroeconomicInformation.verifyEventsAndEvars(ResearchCenter_MacroeconomicInformation.java:56)
	at com.hybridFramework.ResearchCentre.TSResearchCenter_MacroeconomicInformation.TC124_RC19_MacroeconomicInformation_SourcePage_Go(TSResearchCenter_MacroeconomicInformation.java:164)
... Removed 25 stack frames]]>
    </failure>
  </testcase> <!-- TC124_RC19_MacroeconomicInformation_SourcePage_Go -->
  <testcase name="TC125_RC10_MacroeconomicInformation_SourcePage_AddtoFavorite" time="68.401" classname="com.hybridFramework.ResearchCentre.TSResearchCenter_MacroeconomicInformation">
    <failure type="java.lang.AssertionError" message="The following asserts failed:
	digitalData.search.internal.toolName is not verified expected [true] but found [false]">
      <![CDATA[java.lang.AssertionError: The following asserts failed:
	digitalData.search.internal.toolName is not verified expected [true] but found [false]
	at com.hybridFramework.PageObject.ResearchCenter_MacroeconomicInformation.verifyEventsAndEvars(ResearchCenter_MacroeconomicInformation.java:56)
	at com.hybridFramework.ResearchCentre.TSResearchCenter_MacroeconomicInformation.TC125_RC10_MacroeconomicInformation_SourcePage_AddtoFavorite(TSResearchCenter_MacroeconomicInformation.java:187)
... Removed 25 stack frames]]>
    </failure>
  </testcase> <!-- TC125_RC10_MacroeconomicInformation_SourcePage_AddtoFavorite -->
  <testcase name="TC127_RC16_MacroeconomicInformation_SourcePage_ShareWithCollegue" time="57.594" classname="com.hybridFramework.ResearchCentre.TSResearchCenter_MacroeconomicInformation">
    <failure type="java.lang.AssertionError" message="The following asserts failed:
	digitalData.search.internal.toolName is not verified expected [true] but found [false]">
      <![CDATA[java.lang.AssertionError: The following asserts failed:
	digitalData.search.internal.toolName is not verified expected [true] but found [false]
	at com.hybridFramework.PageObject.ResearchCenter_MacroeconomicInformation.verifyEventsAndEvars(ResearchCenter_MacroeconomicInformation.java:56)
	at com.hybridFramework.ResearchCentre.TSResearchCenter_MacroeconomicInformation.TC127_RC16_MacroeconomicInformation_SourcePage_ShareWithCollegue(TSResearchCenter_MacroeconomicInformation.java:233)
... Removed 25 stack frames]]>
    </failure>
  </testcase> <!-- TC127_RC16_MacroeconomicInformation_SourcePage_ShareWithCollegue -->
  <testcase name="TC130_RC3_1_Macroeconomic_Info_FavouriteSources" time="55.858" classname="com.hybridFramework.ResearchCentre.TSResearchCenter_MacroeconomicInformation"/>
</testsuite> <!-- Default test(failed) -->
