<?xml version="1.0" encoding="UTF-8"?>
<!-- Generated by org.testng.reporters.JUnitXMLReporter -->
<testsuite hostname="GSD-89048532" name="Test" tests="121" failures="7" timestamp="8 Jul 2019 11:57:15 GMT" time="14223.927" errors="0">
  <testcase name="TC01_RC3_1_Home_ViewOptions_Collapse" time="43.184" classname="com.hybridFramework.ResearchCentre.TSResearchCentre_Home"/>
  <testcase name="TC02_RC3_1_Home_ViewOptions_Expand" time="42.741" classname="com.hybridFramework.ResearchCentre.TSResearchCentre_Home"/>
  <testcase name="TC03_RC01_Home_Go" time="44.742" classname="com.hybridFramework.ResearchCentre.TSResearchCentre_Home"/>
  <testcase name="TC04_RC01_Home_MoreInfo" time="42.985" classname="com.hybridFramework.ResearchCentre.TSResearchCentre_Home"/>
  <testcase name="TC05_RC3_1_Home_ViewSummary_checkbox" time="46.483" classname="com.hybridFramework.ResearchCentre.TSResearchCentre_Home"/>
  <testcase name="TC06_RC3_1_Home_ShareWithCollegues" time="44.114" classname="com.hybridFramework.ResearchCentre.TSResearchCentre_Home"/>
  <testcase name="TC07_RC3_1_Home_Copyright" time="43.249" classname="com.hybridFramework.ResearchCentre.TSResearchCentre_Home"/>
  <testcase name="TC08_RC01_Home_Add_To_Favorites" time="73.482" classname="com.hybridFramework.ResearchCentre.TSResearchCentre_Home"/>
  <testcase name="TC09_RC01_Home_Remove_From_Favorites" time="72.575" classname="com.hybridFramework.ResearchCentre.TSResearchCentre_Home"/>
  <testcase name="TC10_RC01_Home_Interested_in_Training" time="42.979" classname="com.hybridFramework.ResearchCentre.TSResearchCentre_Home"/>
  <testcase name="TC11_RC_Home_BCGFinancial_Card_Expand_Collapse" time="42.582" classname="com.hybridFramework.ResearchCentre.TSResearchCentre_Home"/>
  <testcase name="TC12_RC3_1_Home_Essential_Sources" time="42.597" classname="com.hybridFramework.ResearchCentre.TSResearchCentre_Home"/>
  <testcase name="TC13_RC3_1_Home_Customize_This_Page" time="42.366" classname="com.hybridFramework.ResearchCentre.TSResearchCentre_Home"/>
  <testcase name="TC14_RC3_1_Home_ViewAllClick_BCGInTheNews" time="42.713" classname="com.hybridFramework.ResearchCentre.TSResearchCentre_Home"/>
  <testcase name="TC15_RC3_1_Home_ViewAllClick_NewsStand" time="43.022" classname="com.hybridFramework.ResearchCentre.TSResearchCentre_Home"/>
  <testcase name="TC16_RC3_1_Home_ViewAllClick_IndustryNews" time="42.984" classname="com.hybridFramework.ResearchCentre.TSResearchCentre_Home"/>
  <testcase name="TC17_RC3_1_Home_ViewAllClick_IndustryAnalystReport" time="42.909" classname="com.hybridFramework.ResearchCentre.TSResearchCentre_Home"/>
  <testcase name="TC18_RC3_1_Home_Newsstand_ChooseYourPapers" time="42.558" classname="com.hybridFramework.ResearchCentre.TSResearchCentre_Home"/>
  <testcase name="TC19RC3_1_Sources_AddToFavorites" time="80.556" classname="com.hybridFramework.ResearchCentre.TSResearchCentre_Home"/>
  <testcase name="TC19RC3_1Find_Sources_AddToFavorites" time="148.656" classname="com.hybridFramework.ResearchCentre.TSResearchCenter_FindSources"/>
  <testcase name="TC20_RC25_26_30_FindSources_Search" time="47.571" classname="com.hybridFramework.ResearchCentre.TSResearchCenter_FindSources">
    <failure type="java.lang.AssertionError" message="expected [1] but found [2]">
      <![CDATA[java.lang.AssertionError: expected [1] but found [2]
	at com.hybridFramework.testBase.TestBase.Custom_verifyEventTriggeredCount(TestBase.java:628)
	at com.hybridFramework.ResearchCentre.TSResearchCenter_FindSources.TC20_RC25_26_30_FindSources_Search(TSResearchCenter_FindSources.java:100)
... Removed 29 stack frames]]>
    </failure>
  </testcase> <!-- TC20_RC25_26_30_FindSources_Search -->
  <testcase name="TC21_RC01_FindSources_RemoveFromFavorites" time="79.948" classname="com.hybridFramework.ResearchCentre.TSResearchCenter_FindSources"/>
  <testcase name="TC22_RC01_FindSources_Go" time="55.269" classname="com.hybridFramework.ResearchCentre.TSResearchCenter_FindSources"/>
  <testcase name="TC23_RC01_Find_Sources_Interested_in_Training" time="46.251" classname="com.hybridFramework.ResearchCentre.TSResearchCenter_FindSources"/>
  <testcase name="TC24_RC3_1_Find_Sources_ShareWithCollegues" time="53.222" classname="com.hybridFramework.ResearchCentre.TSResearchCenter_FindSources"/>
  <testcase name="TC25_RC01_Find_Sources_MoreInfo" time="51.088" classname="com.hybridFramework.ResearchCentre.TSResearchCenter_FindSources"/>
  <testcase name="TC26_RC19_Find_Sources_Source_Page_GotoSource" time="59.929" classname="com.hybridFramework.ResearchCentre.TSResearchCenter_FindSources"/>
  <testcase name="TC27_RC10_Find_Sources_Source_Page_Add_to_Favorite" time="85.703" classname="com.hybridFramework.ResearchCentre.TSResearchCenter_FindSources"/>
  <testcase name="TC28_RC13_FindSources_SourcePage_RemoveFromFavorite" time="59.059" classname="com.hybridFramework.ResearchCentre.TSResearchCenter_FindSources"/>
  <testcase name="TC29_RC16_FindSources_SourcePage_ShareWithCollegues" time="60.226" classname="com.hybridFramework.ResearchCentre.TSResearchCenter_FindSources"/>
  <testcase name="TC30_RC22_Find_Sources_SourcePage_Click_Here_For_Training_Resources" time="58.253" classname="com.hybridFramework.ResearchCentre.TSResearchCenter_FindSources"/>
  <testcase name="TC31_RC61_Find_Sources_All_Sources_Link" time="87.905" classname="com.hybridFramework.ResearchCentre.TSResearchCenter_FindSources">
    <failure type="org.openqa.selenium.NoSuchElementException" message="no such element: Unable to locate element: {&amp;quot;method&amp;quot;:&amp;quot;xpath&amp;quot;,&amp;quot;selector&amp;quot;:&amp;quot;//a[contains(@href,&amp;apos;/Sources?s=AllSources&amp;amp;c=&amp;apos;)][text()=&amp;apos;All Sources&amp;apos;]&amp;quot;}
  (Session info: chrome=75.0.3770.100)
  (Driver info: chromedriver=2.46.628402 (536cd7adbad73a3783fdc2cab92ab2ba7ec361e1),platform=Windows NT 10.0.16299 x86_64) (WARNING: The server did not provide any stacktrace information)
Command duration or timeout: 0 milliseconds
For documentation on this error, please visit: http://seleniumhq.org/exceptions/no_such_element.html
Build info: version: &amp;apos;3.13.0&amp;apos;, revision: &amp;apos;2f0d292&amp;apos;, time: &amp;apos;2018-06-25T15:24:21.231Z&amp;apos;
System info: host: &amp;apos;GSD-89048532&amp;apos;, ip: &amp;apos;10.187.66.178&amp;apos;, os.name: &amp;apos;Windows 10&amp;apos;, os.arch: &amp;apos;amd64&amp;apos;, os.version: &amp;apos;10.0&amp;apos;, java.version: &amp;apos;1.8.0_201&amp;apos;
Driver info: org.openqa.selenium.chrome.ChromeDriver
Capabilities {acceptInsecureCerts: false, acceptSslCerts: false, applicationCacheEnabled: false, browserConnectionEnabled: false, browserName: chrome, chrome: {chromedriverVersion: 2.46.628402 (536cd7adbad73a..., userDataDir: C:\Users\KUMARK~1\AppData\L...}, cssSelectorsEnabled: true, databaseEnabled: false, goog:chromeOptions: {debuggerAddress: localhost:52883}, handlesAlerts: true, hasTouchScreen: false, javascriptEnabled: true, locationContextEnabled: true, mobileEmulationEnabled: false, nativeEvents: true, networkConnectionEnabled: false, pageLoadStrategy: normal, platform: XP, platformName: XP, proxy: Proxy(manual, http=GSD-8904..., rotatable: false, setWindowRect: true, strictFileInteractability: false, takesHeapSnapshot: true, takesScreenshot: true, timeouts: {implicit: 0, pageLoad: 300000, script: 30000}, unexpectedAlertBehaviour: ignore, unhandledPromptBehavior: ignore, version: 75.0.3770.100, webStorageEnabled: true}
Session ID: 73a6a52c6be96f10670674e6a71eece5
*** Element info: {Using=xpath, value=//a[contains(@href,&amp;apos;/Sources?s=AllSources&amp;amp;c=&amp;apos;)][text()=&amp;apos;All Sources&amp;apos;]}">
      <![CDATA[org.openqa.selenium.NoSuchElementException: no such element: Unable to locate element: {"method":"xpath","selector":"//a[contains(@href,'/Sources?s=AllSources&c=')][text()='All Sources']"}
  (Session info: chrome=75.0.3770.100)
  (Driver info: chromedriver=2.46.628402 (536cd7adbad73a3783fdc2cab92ab2ba7ec361e1),platform=Windows NT 10.0.16299 x86_64) (WARNING: The server did not provide any stacktrace information)
Command duration or timeout: 0 milliseconds
For documentation on this error, please visit: http://seleniumhq.org/exceptions/no_such_element.html
Build info: version: '3.13.0', revision: '2f0d292', time: '2018-06-25T15:24:21.231Z'
System info: host: 'GSD-89048532', ip: '10.187.66.178', os.name: 'Windows 10', os.arch: 'amd64', os.version: '10.0', java.version: '1.8.0_201'
Driver info: org.openqa.selenium.chrome.ChromeDriver
Capabilities {acceptInsecureCerts: false, acceptSslCerts: false, applicationCacheEnabled: false, browserConnectionEnabled: false, browserName: chrome, chrome: {chromedriverVersion: 2.46.628402 (536cd7adbad73a..., userDataDir: C:\Users\KUMARK~1\AppData\L...}, cssSelectorsEnabled: true, databaseEnabled: false, goog:chromeOptions: {debuggerAddress: localhost:52883}, handlesAlerts: true, hasTouchScreen: false, javascriptEnabled: true, locationContextEnabled: true, mobileEmulationEnabled: false, nativeEvents: true, networkConnectionEnabled: false, pageLoadStrategy: normal, platform: XP, platformName: XP, proxy: Proxy(manual, http=GSD-8904..., rotatable: false, setWindowRect: true, strictFileInteractability: false, takesHeapSnapshot: true, takesScreenshot: true, timeouts: {implicit: 0, pageLoad: 300000, script: 30000}, unexpectedAlertBehaviour: ignore, unhandledPromptBehavior: ignore, version: 75.0.3770.100, webStorageEnabled: true}
Session ID: 73a6a52c6be96f10670674e6a71eece5
*** Element info: {Using=xpath, value=//a[contains(@href,'/Sources?s=AllSources&c=')][text()='All Sources']}
	at org.openqa.selenium.remote.ErrorHandler.createThrowable(ErrorHandler.java:214)
	at org.openqa.selenium.remote.ErrorHandler.throwIfResponseFailed(ErrorHandler.java:166)
	at org.openqa.selenium.remote.http.JsonHttpResponseCodec.reconstructValue(JsonHttpResponseCodec.java:40)
	at org.openqa.selenium.remote.http.AbstractHttpResponseCodec.decode(AbstractHttpResponseCodec.java:80)
	at org.openqa.selenium.remote.http.AbstractHttpResponseCodec.decode(AbstractHttpResponseCodec.java:44)
	at org.openqa.selenium.remote.HttpCommandExecutor.execute(HttpCommandExecutor.java:158)
	at org.openqa.selenium.remote.service.DriverCommandExecutor.execute(DriverCommandExecutor.java:83)
	at org.openqa.selenium.remote.RemoteWebDriver.execute(RemoteWebDriver.java:548)
	at org.openqa.selenium.remote.RemoteWebDriver.findElement(RemoteWebDriver.java:322)
	at org.openqa.selenium.remote.RemoteWebDriver.findElementByXPath(RemoteWebDriver.java:424)
	at org.openqa.selenium.By$ByXPath.findElement(By.java:353)
	at org.openqa.selenium.remote.RemoteWebDriver.findElement(RemoteWebDriver.java:314)
	at org.openqa.selenium.support.pagefactory.DefaultElementLocator.findElement(DefaultElementLocator.java:69)
	at org.openqa.selenium.support.pagefactory.internal.LocatingElementHandler.invoke(LocatingElementHandler.java:38)
	at com.sun.proxy.$Proxy12.getWrappedElement(Unknown Source)
	at org.openqa.selenium.remote.internal.WebElementToJsonConverter.apply(WebElementToJsonConverter.java:51)
	at java.util.stream.ReferencePipeline$3$1.accept(Unknown Source)
	at java.util.Spliterators$ArraySpliterator.forEachRemaining(Unknown Source)
	at java.util.stream.AbstractPipeline.copyInto(Unknown Source)
	at java.util.stream.AbstractPipeline.wrapAndCopyInto(Unknown Source)
	at java.util.stream.ReduceOps$ReduceOp.evaluateSequential(Unknown Source)
	at java.util.stream.AbstractPipeline.evaluate(Unknown Source)
	at java.util.stream.ReferencePipeline.collect(Unknown Source)
	at org.openqa.selenium.remote.RemoteWebDriver.executeScript(RemoteWebDriver.java:480)
	at com.hybridFramework.PageObject.ResearchCenter_Home.clickOnAllSourceslink(ResearchCenter_Home.java:132)
	at com.hybridFramework.ResearchCentre.TSResearchCenter_FindSources.TC31_RC61_Find_Sources_All_Sources_Link(TSResearchCenter_FindSources.java:597)
... Removed 27 stack frames]]>
    </failure>
  </testcase> <!-- TC31_RC61_Find_Sources_All_Sources_Link -->
  <testcase name="TC32_RC3_1_Find_Sources_Favorite_Sources_Link_Under_Search" time="50.427" classname="com.hybridFramework.ResearchCentre.TSResearchCenter_FindSources"/>
  <testcase name="TC33_RC3_1_Find_Sources_Essential_sources" time="50.752" classname="com.hybridFramework.ResearchCentre.TSResearchCenter_FindSources"/>
  <testcase name="TC34TC_RC64_65_Find_Sources_BCG_Financial_Card_Expand_Collapse" time="50.525" classname="com.hybridFramework.ResearchCentre.TSResearchCenter_FindSources"/>
  <testcase name="TC35_RC3_1_FindSources_ViewOptions_Collapse" time="51.343" classname="com.hybridFramework.ResearchCentre.TSResearchCenter_FindSources"/>
  <testcase name="TC36_RC3_1_FindSources_ViewOptions_Expand" time="49.885" classname="com.hybridFramework.ResearchCentre.TSResearchCenter_FindSources"/>
  <testcase name="TC37_RC3_1_FindSources_AllSources_ViewSummary_checkbox" time="55.063" classname="com.hybridFramework.ResearchCentre.TSResearchCenter_FindSources"/>
  <testcase name="TC38_RC3_1_FindSources_Copyright" time="52.31" classname="com.hybridFramework.ResearchCentre.TSResearchCenter_FindSources"/>
  <testcase name="TC39_RC01_Find_Sources_Get_Help_Assist_Me" time="48.319" classname="com.hybridFramework.ResearchCentre.TSResearchCenter_FindSources"/>
  <testcase name="TC40_RC01_Find_Sources_Get_Help_IT_Service_Center" time="45.873" classname="com.hybridFramework.ResearchCentre.TSResearchCenter_FindSources"/>
  <testcase name="TC41_RC01_Find_Sources_Get_Help_Research_Center" time="44.949" classname="com.hybridFramework.ResearchCentre.TSResearchCenter_FindSources"/>
  <testcase name="TC42_RC01_Find_Sources_Get_Help_DropDown_TrainingRequest_Contact_RC" time="44.982" classname="com.hybridFramework.ResearchCentre.TSResearchCenter_FindSources"/>
  <testcase name="TC43_NewReq_Find_Sources_Get_Help_Error_Message_My_access_isnt_working_for" time="45.554" classname="com.hybridFramework.ResearchCentre.TSResearchCenter_FindSources"/>
  <testcase name="TC44_NewReq_Find_Sources_Get_Help_Other_training_or_support_request" time="45.068" classname="com.hybridFramework.ResearchCentre.TSResearchCenter_FindSources"/>
  <testcase name="TC45_NewReq_Find_Sources_Get_Help_Howcan_I_get_started_using_Research_Center" time="45.311" classname="com.hybridFramework.ResearchCentre.TSResearchCenter_FindSources"/>
  <testcase name="TC46_NewReq_FindSources_Get_Help_How_can_I_get_a_company_transcript_on_Research_Center" time="45.132" classname="com.hybridFramework.ResearchCentre.TSResearchCenter_FindSources"/>
  <testcase name="TC47_RC44_RC47_Footer_Training_Link" time="60.025" classname="com.hybridFramework.ResearchCentre.TSResearchCenter_FindSources"/>
  <testcase name="TC48_RC44_Copyright_Link" time="46.099" classname="com.hybridFramework.ResearchCentre.TSResearchCenter_FindSources"/>
  <testcase name="TC49_RC44_Footer_Assist_Me_Link" time="44.158" classname="com.hybridFramework.ResearchCentre.TSResearchCenter_FindSources"/>
  <testcase name="TC50_RC44_Footer_Research_Center_Link" time="42.704" classname="com.hybridFramework.ResearchCentre.TSResearchCenter_FindSources"/>
  <testcase name="TC51_RC44_Footer_IT_Service_Center_Link" time="43.494" classname="com.hybridFramework.ResearchCentre.TSResearchCenter_FindSources"/>
  <testcase name="TC52_RC44_Footer_About_Link" time="49.096" classname="com.hybridFramework.ResearchCentre.TSResearchCenter_FindSources"/>
  <testcase name="TC53TC031_RC44_Footer_BCG_Logo" time="44.004" classname="com.hybridFramework.ResearchCentre.TSResearchCenter_FindSources"/>
  <testcase name="TC54_RC01_NewsSources_Add_To_Favorites" time="82.726" classname="com.hybridFramework.ResearchCentre.TSResearchCentre_NewsSources"/>
  <testcase name="TC55_RC01_News_Sources_Remove_From_Favorites" time="84.721" classname="com.hybridFramework.ResearchCentre.TSResearchCentre_NewsSources"/>
  <testcase name="TC56_RC25_26_30_NewsSources_Search" time="52.084" classname="com.hybridFramework.ResearchCentre.TSResearchCentre_NewsSources"/>
  <testcase name="TCT57_RC01_News_Sources_Go_To_Source" time="51.98" classname="com.hybridFramework.ResearchCentre.TSResearchCentre_NewsSources"/>
  <testcase name="TC58_RC01_News_Sources_Interested_in_Training" time="51.53" classname="com.hybridFramework.ResearchCentre.TSResearchCentre_NewsSources"/>
  <testcase name="TC59_RC01_News_Sources_MoreInfo" time="52.771" classname="com.hybridFramework.ResearchCentre.TSResearchCentre_NewsSources"/>
  <testcase name="TC60_RC3_1_News_Sources_ShareWithCollegue" time="53.378" classname="com.hybridFramework.ResearchCentre.TSResearchCentre_NewsSources"/>
  <testcase name="TC61_RC19_News_Sources_Source_Page_GotoSource" time="54.5" classname="com.hybridFramework.ResearchCentre.TSResearchCentre_NewsSources"/>
  <testcase name="TC62_RC10_News_Sources_Source_Page_AddtoFavorite" time="89.129" classname="com.hybridFramework.ResearchCentre.TSResearchCentre_NewsSources"/>
  <testcase name="TC63_NewsSources_Source_Page_Remove_From_Favorite" time="62.081" classname="com.hybridFramework.ResearchCentre.TSResearchCentre_NewsSources"/>
  <testcase name="TC64_RC22_News_Sources_Source_Page_Click_Here_For_Training_Resources" time="63.748" classname="com.hybridFramework.ResearchCentre.TSResearchCentre_NewsSources"/>
  <testcase name="TC65_RC3_1_New_Sources_Essential_Sources_Link" time="71.414" classname="com.hybridFramework.ResearchCentre.TSResearchCentre_NewsSources">
    <failure type="org.openqa.selenium.NoSuchElementException" message="no such element: Unable to locate element: {&amp;quot;method&amp;quot;:&amp;quot;xpath&amp;quot;,&amp;quot;selector&amp;quot;:&amp;quot;//a[text()=&amp;apos;News&amp;apos;]&amp;quot;}
  (Session info: chrome=75.0.3770.100)
  (Driver info: chromedriver=2.46.628402 (536cd7adbad73a3783fdc2cab92ab2ba7ec361e1),platform=Windows NT 10.0.16299 x86_64) (WARNING: The server did not provide any stacktrace information)
Command duration or timeout: 0 milliseconds
For documentation on this error, please visit: http://seleniumhq.org/exceptions/no_such_element.html
Build info: version: &amp;apos;3.13.0&amp;apos;, revision: &amp;apos;2f0d292&amp;apos;, time: &amp;apos;2018-06-25T15:24:21.231Z&amp;apos;
System info: host: &amp;apos;GSD-89048532&amp;apos;, ip: &amp;apos;10.187.66.178&amp;apos;, os.name: &amp;apos;Windows 10&amp;apos;, os.arch: &amp;apos;amd64&amp;apos;, os.version: &amp;apos;10.0&amp;apos;, java.version: &amp;apos;1.8.0_201&amp;apos;
Driver info: org.openqa.selenium.chrome.ChromeDriver
Capabilities {acceptInsecureCerts: false, acceptSslCerts: false, applicationCacheEnabled: false, browserConnectionEnabled: false, browserName: chrome, chrome: {chromedriverVersion: 2.46.628402 (536cd7adbad73a..., userDataDir: C:\Users\KUMARK~1\AppData\L...}, cssSelectorsEnabled: true, databaseEnabled: false, goog:chromeOptions: {debuggerAddress: localhost:63082}, handlesAlerts: true, hasTouchScreen: false, javascriptEnabled: true, locationContextEnabled: true, mobileEmulationEnabled: false, nativeEvents: true, networkConnectionEnabled: false, pageLoadStrategy: normal, platform: XP, platformName: XP, proxy: Proxy(manual, http=GSD-8904..., rotatable: false, setWindowRect: true, strictFileInteractability: false, takesHeapSnapshot: true, takesScreenshot: true, timeouts: {implicit: 0, pageLoad: 300000, script: 30000}, unexpectedAlertBehaviour: ignore, unhandledPromptBehavior: ignore, version: 75.0.3770.100, webStorageEnabled: true}
Session ID: 38311aaf75ec82607539f463bb559b35
*** Element info: {Using=xpath, value=//a[text()=&amp;apos;News&amp;apos;]}">
      <![CDATA[org.openqa.selenium.NoSuchElementException: no such element: Unable to locate element: {"method":"xpath","selector":"//a[text()='News']"}
  (Session info: chrome=75.0.3770.100)
  (Driver info: chromedriver=2.46.628402 (536cd7adbad73a3783fdc2cab92ab2ba7ec361e1),platform=Windows NT 10.0.16299 x86_64) (WARNING: The server did not provide any stacktrace information)
Command duration or timeout: 0 milliseconds
For documentation on this error, please visit: http://seleniumhq.org/exceptions/no_such_element.html
Build info: version: '3.13.0', revision: '2f0d292', time: '2018-06-25T15:24:21.231Z'
System info: host: 'GSD-89048532', ip: '10.187.66.178', os.name: 'Windows 10', os.arch: 'amd64', os.version: '10.0', java.version: '1.8.0_201'
Driver info: org.openqa.selenium.chrome.ChromeDriver
Capabilities {acceptInsecureCerts: false, acceptSslCerts: false, applicationCacheEnabled: false, browserConnectionEnabled: false, browserName: chrome, chrome: {chromedriverVersion: 2.46.628402 (536cd7adbad73a..., userDataDir: C:\Users\KUMARK~1\AppData\L...}, cssSelectorsEnabled: true, databaseEnabled: false, goog:chromeOptions: {debuggerAddress: localhost:63082}, handlesAlerts: true, hasTouchScreen: false, javascriptEnabled: true, locationContextEnabled: true, mobileEmulationEnabled: false, nativeEvents: true, networkConnectionEnabled: false, pageLoadStrategy: normal, platform: XP, platformName: XP, proxy: Proxy(manual, http=GSD-8904..., rotatable: false, setWindowRect: true, strictFileInteractability: false, takesHeapSnapshot: true, takesScreenshot: true, timeouts: {implicit: 0, pageLoad: 300000, script: 30000}, unexpectedAlertBehaviour: ignore, unhandledPromptBehavior: ignore, version: 75.0.3770.100, webStorageEnabled: true}
Session ID: 38311aaf75ec82607539f463bb559b35
*** Element info: {Using=xpath, value=//a[text()='News']}
	at org.openqa.selenium.remote.ErrorHandler.createThrowable(ErrorHandler.java:214)
	at org.openqa.selenium.remote.ErrorHandler.throwIfResponseFailed(ErrorHandler.java:166)
	at org.openqa.selenium.remote.http.JsonHttpResponseCodec.reconstructValue(JsonHttpResponseCodec.java:40)
	at org.openqa.selenium.remote.http.AbstractHttpResponseCodec.decode(AbstractHttpResponseCodec.java:80)
	at org.openqa.selenium.remote.http.AbstractHttpResponseCodec.decode(AbstractHttpResponseCodec.java:44)
	at org.openqa.selenium.remote.HttpCommandExecutor.execute(HttpCommandExecutor.java:158)
	at org.openqa.selenium.remote.service.DriverCommandExecutor.execute(DriverCommandExecutor.java:83)
	at org.openqa.selenium.remote.RemoteWebDriver.execute(RemoteWebDriver.java:548)
	at org.openqa.selenium.remote.RemoteWebDriver.findElement(RemoteWebDriver.java:322)
	at org.openqa.selenium.remote.RemoteWebDriver.findElementByXPath(RemoteWebDriver.java:424)
	at org.openqa.selenium.By$ByXPath.findElement(By.java:353)
	at org.openqa.selenium.remote.RemoteWebDriver.findElement(RemoteWebDriver.java:314)
	at org.openqa.selenium.support.pagefactory.DefaultElementLocator.findElement(DefaultElementLocator.java:69)
	at org.openqa.selenium.support.pagefactory.internal.LocatingElementHandler.invoke(LocatingElementHandler.java:38)
	at com.sun.proxy.$Proxy12.click(Unknown Source)
	at com.hybridFramework.PageObject.ResearchCenter_NewsSources.ClickOnNews_Tab(ResearchCenter_NewsSources.java:68)
	at com.hybridFramework.ResearchCentre.TSResearchCentre_NewsSources.TC65_RC3_1_New_Sources_Essential_Sources_Link(TSResearchCentre_NewsSources.java:563)
... Removed 27 stack frames]]>
    </failure>
  </testcase> <!-- TC65_RC3_1_New_Sources_Essential_Sources_Link -->
  <testcase name="TC66_RC3_1_New_Sources_Favourite_Sources" time="56.417" classname="com.hybridFramework.ResearchCentre.TSResearchCentre_NewsSources"/>
  <testcase name="TC67_RC64_65_New_Sources_CardExpandCollapse" time="56.651" classname="com.hybridFramework.ResearchCentre.TSResearchCentre_NewsSources"/>
  <testcase name="TC68TC123_RC3_1_New_Sources_Search_Search_ResultClick" time="61.858" classname="com.hybridFramework.ResearchCentre.TSResearchCentre_NewsSources"/>
  <testcase name="TC69_RC3_1_NewsSources_ViewOptions_Collapse" time="53.059" classname="com.hybridFramework.ResearchCentre.TSResearchCentre_NewsSources"/>
  <testcase name="TC70_RC3_1_NewsSources_ViewOptions_Expand" time="53.969" classname="com.hybridFramework.ResearchCentre.TSResearchCentre_NewsSources"/>
  <testcase name="TC71_RC3_1_NewsSources_ViewSummary_checkbox" time="58.653" classname="com.hybridFramework.ResearchCentre.TSResearchCentre_NewsSources"/>
  <testcase name="TC72_RC3_1_NewsSources_Copyright" time="54.244" classname="com.hybridFramework.ResearchCentre.TSResearchCentre_NewsSources"/>
  <testcase name="TC73_RC3_1_Header_News_BCG_in_the_News_SearchResultClick" time="59.423" classname="com.hybridFramework.ResearchCentre.TSResearchCentre_NewsSources"/>
  <testcase name="TC74RC3_1_Header_News_IndustryNews_SearchResultClick" time="61.651" classname="com.hybridFramework.ResearchCentre.TSResearchCentre_NewsSources"/>
  <testcase name="TC75_RC3_1_Header_News_BCGNewsstand_SearchResultClick" time="59.619" classname="com.hybridFramework.ResearchCentre.TSResearchCentre_NewsSources"/>
  <testcase name="TC76_RC3_1_News_Sources_Search_Make_My_Default_language" time="53.921" classname="com.hybridFramework.ResearchCentre.TSResearchCentre_NewsSources">
    <failure type="java.lang.AssertionError" message="expected [1] but found [0]">
      <![CDATA[java.lang.AssertionError: expected [1] but found [0]
	at com.hybridFramework.testBase.TestBase.Custom_verifyEventTriggeredCount(TestBase.java:628)
	at com.hybridFramework.ResearchCentre.TSResearchCentre_NewsSources.TC76_RC3_1_News_Sources_Search_Make_My_Default_language(TSResearchCentre_NewsSources.java:1108)
... Removed 29 stack frames]]>
    </failure>
  </testcase> <!-- TC76_RC3_1_News_Sources_Search_Make_My_Default_language -->
  <testcase name="TC77_RC01_AnalystReports_AddToFavorites" time="83.545" classname="com.hybridFramework.ResearchCentre.TSResearchCenter_AnalystReports"/>
  <testcase name="TC78_RC01_AnalystReports_Remove_From_Favorites" time="88.168" classname="com.hybridFramework.ResearchCentre.TSResearchCenter_AnalystReports"/>
  <testcase name="TC79_RC01_AnalystReports_Go" time="65.467" classname="com.hybridFramework.ResearchCentre.TSResearchCenter_AnalystReports">
    <failure type="org.openqa.selenium.NoSuchElementException" message="no such element: Unable to locate element: {&amp;quot;method&amp;quot;:&amp;quot;xpath&amp;quot;,&amp;quot;selector&amp;quot;:&amp;quot;//*[@id=&amp;apos;accessSourceUrl&amp;apos;][@class=&amp;apos;primary source-link&amp;apos;]&amp;quot;}
  (Session info: chrome=75.0.3770.100)
  (Driver info: chromedriver=2.46.628402 (536cd7adbad73a3783fdc2cab92ab2ba7ec361e1),platform=Windows NT 10.0.16299 x86_64) (WARNING: The server did not provide any stacktrace information)
Command duration or timeout: 0 milliseconds
For documentation on this error, please visit: http://seleniumhq.org/exceptions/no_such_element.html
Build info: version: &amp;apos;3.13.0&amp;apos;, revision: &amp;apos;2f0d292&amp;apos;, time: &amp;apos;2018-06-25T15:24:21.231Z&amp;apos;
System info: host: &amp;apos;GSD-89048532&amp;apos;, ip: &amp;apos;10.187.66.178&amp;apos;, os.name: &amp;apos;Windows 10&amp;apos;, os.arch: &amp;apos;amd64&amp;apos;, os.version: &amp;apos;10.0&amp;apos;, java.version: &amp;apos;1.8.0_201&amp;apos;
Driver info: org.openqa.selenium.chrome.ChromeDriver
Capabilities {acceptInsecureCerts: false, acceptSslCerts: false, applicationCacheEnabled: false, browserConnectionEnabled: false, browserName: chrome, chrome: {chromedriverVersion: 2.46.628402 (536cd7adbad73a..., userDataDir: C:\Users\KUMARK~1\AppData\L...}, cssSelectorsEnabled: true, databaseEnabled: false, goog:chromeOptions: {debuggerAddress: localhost:51288}, handlesAlerts: true, hasTouchScreen: false, javascriptEnabled: true, locationContextEnabled: true, mobileEmulationEnabled: false, nativeEvents: true, networkConnectionEnabled: false, pageLoadStrategy: normal, platform: XP, platformName: XP, proxy: Proxy(manual, http=GSD-8904..., rotatable: false, setWindowRect: true, strictFileInteractability: false, takesHeapSnapshot: true, takesScreenshot: true, timeouts: {implicit: 0, pageLoad: 300000, script: 30000}, unexpectedAlertBehaviour: ignore, unhandledPromptBehavior: ignore, version: 75.0.3770.100, webStorageEnabled: true}
Session ID: 5177a63bb54d142e8224f92bc715c00c
*** Element info: {Using=xpath, value=//*[@id=&amp;apos;accessSourceUrl&amp;apos;][@class=&amp;apos;primary source-link&amp;apos;]}">
      <![CDATA[org.openqa.selenium.NoSuchElementException: no such element: Unable to locate element: {"method":"xpath","selector":"//*[@id='accessSourceUrl'][@class='primary source-link']"}
  (Session info: chrome=75.0.3770.100)
  (Driver info: chromedriver=2.46.628402 (536cd7adbad73a3783fdc2cab92ab2ba7ec361e1),platform=Windows NT 10.0.16299 x86_64) (WARNING: The server did not provide any stacktrace information)
Command duration or timeout: 0 milliseconds
For documentation on this error, please visit: http://seleniumhq.org/exceptions/no_such_element.html
Build info: version: '3.13.0', revision: '2f0d292', time: '2018-06-25T15:24:21.231Z'
System info: host: 'GSD-89048532', ip: '10.187.66.178', os.name: 'Windows 10', os.arch: 'amd64', os.version: '10.0', java.version: '1.8.0_201'
Driver info: org.openqa.selenium.chrome.ChromeDriver
Capabilities {acceptInsecureCerts: false, acceptSslCerts: false, applicationCacheEnabled: false, browserConnectionEnabled: false, browserName: chrome, chrome: {chromedriverVersion: 2.46.628402 (536cd7adbad73a..., userDataDir: C:\Users\KUMARK~1\AppData\L...}, cssSelectorsEnabled: true, databaseEnabled: false, goog:chromeOptions: {debuggerAddress: localhost:51288}, handlesAlerts: true, hasTouchScreen: false, javascriptEnabled: true, locationContextEnabled: true, mobileEmulationEnabled: false, nativeEvents: true, networkConnectionEnabled: false, pageLoadStrategy: normal, platform: XP, platformName: XP, proxy: Proxy(manual, http=GSD-8904..., rotatable: false, setWindowRect: true, strictFileInteractability: false, takesHeapSnapshot: true, takesScreenshot: true, timeouts: {implicit: 0, pageLoad: 300000, script: 30000}, unexpectedAlertBehaviour: ignore, unhandledPromptBehavior: ignore, version: 75.0.3770.100, webStorageEnabled: true}
Session ID: 5177a63bb54d142e8224f92bc715c00c
*** Element info: {Using=xpath, value=//*[@id='accessSourceUrl'][@class='primary source-link']}
	at org.openqa.selenium.remote.ErrorHandler.createThrowable(ErrorHandler.java:214)
	at org.openqa.selenium.remote.ErrorHandler.throwIfResponseFailed(ErrorHandler.java:166)
	at org.openqa.selenium.remote.http.JsonHttpResponseCodec.reconstructValue(JsonHttpResponseCodec.java:40)
	at org.openqa.selenium.remote.http.AbstractHttpResponseCodec.decode(AbstractHttpResponseCodec.java:80)
	at org.openqa.selenium.remote.http.AbstractHttpResponseCodec.decode(AbstractHttpResponseCodec.java:44)
	at org.openqa.selenium.remote.HttpCommandExecutor.execute(HttpCommandExecutor.java:158)
	at org.openqa.selenium.remote.service.DriverCommandExecutor.execute(DriverCommandExecutor.java:83)
	at org.openqa.selenium.remote.RemoteWebDriver.execute(RemoteWebDriver.java:548)
	at org.openqa.selenium.remote.RemoteWebDriver.findElement(RemoteWebDriver.java:322)
	at org.openqa.selenium.remote.RemoteWebDriver.findElementByXPath(RemoteWebDriver.java:424)
	at org.openqa.selenium.By$ByXPath.findElement(By.java:353)
	at org.openqa.selenium.remote.RemoteWebDriver.findElement(RemoteWebDriver.java:314)
	at org.openqa.selenium.support.pagefactory.DefaultElementLocator.findElement(DefaultElementLocator.java:69)
	at org.openqa.selenium.support.pagefactory.internal.LocatingElementHandler.invoke(LocatingElementHandler.java:38)
	at com.sun.proxy.$Proxy12.click(Unknown Source)
	at com.hybridFramework.PageObject.ResearchCenter_FindSources.ClickOnGotosource_Button(ResearchCenter_FindSources.java:81)
	at com.hybridFramework.ResearchCentre.TSResearchCenter_AnalystReports.TC79_RC01_AnalystReports_Go(TSResearchCenter_AnalystReports.java:141)
... Removed 27 stack frames]]>
    </failure>
  </testcase> <!-- TC79_RC01_AnalystReports_Go -->
  <testcase name="TC80_RC25_26_30_Analyst_Reports_Search" time="51.729" classname="com.hybridFramework.ResearchCentre.TSResearchCenter_AnalystReports"/>
  <testcase name="TC81_RC01_Analyst_Reports_InterestedinTraining" time="53.985" classname="com.hybridFramework.ResearchCentre.TSResearchCenter_AnalystReports"/>
  <testcase name="TC82_RC01_Analyst_Reports_MoreInfo" time="55.149" classname="com.hybridFramework.ResearchCentre.TSResearchCenter_AnalystReports"/>
  <testcase name="TC83_RC3_1_Analyst_Reports_ShareWithCollegues" time="55.611" classname="com.hybridFramework.ResearchCentre.TSResearchCenter_AnalystReports"/>
  <testcase name="TC84_RC19_Analyst_Reports_SourcePage_Go" time="67.555" classname="com.hybridFramework.ResearchCentre.TSResearchCenter_AnalystReports">
    <failure type="org.openqa.selenium.NoSuchElementException" message="no such element: Unable to locate element: {&amp;quot;method&amp;quot;:&amp;quot;xpath&amp;quot;,&amp;quot;selector&amp;quot;:&amp;quot;//*[@id=&amp;apos;accessSourceUrl&amp;apos;][@class=&amp;apos;primary source-link&amp;apos;]&amp;quot;}
  (Session info: chrome=75.0.3770.100)
  (Driver info: chromedriver=2.46.628402 (536cd7adbad73a3783fdc2cab92ab2ba7ec361e1),platform=Windows NT 10.0.16299 x86_64) (WARNING: The server did not provide any stacktrace information)
Command duration or timeout: 0 milliseconds
For documentation on this error, please visit: http://seleniumhq.org/exceptions/no_such_element.html
Build info: version: &amp;apos;3.13.0&amp;apos;, revision: &amp;apos;2f0d292&amp;apos;, time: &amp;apos;2018-06-25T15:24:21.231Z&amp;apos;
System info: host: &amp;apos;GSD-89048532&amp;apos;, ip: &amp;apos;10.187.66.178&amp;apos;, os.name: &amp;apos;Windows 10&amp;apos;, os.arch: &amp;apos;amd64&amp;apos;, os.version: &amp;apos;10.0&amp;apos;, java.version: &amp;apos;1.8.0_201&amp;apos;
Driver info: org.openqa.selenium.chrome.ChromeDriver
Capabilities {acceptInsecureCerts: false, acceptSslCerts: false, applicationCacheEnabled: false, browserConnectionEnabled: false, browserName: chrome, chrome: {chromedriverVersion: 2.46.628402 (536cd7adbad73a..., userDataDir: C:\Users\KUMARK~1\AppData\L...}, cssSelectorsEnabled: true, databaseEnabled: false, goog:chromeOptions: {debuggerAddress: localhost:52685}, handlesAlerts: true, hasTouchScreen: false, javascriptEnabled: true, locationContextEnabled: true, mobileEmulationEnabled: false, nativeEvents: true, networkConnectionEnabled: false, pageLoadStrategy: normal, platform: XP, platformName: XP, proxy: Proxy(manual, http=GSD-8904..., rotatable: false, setWindowRect: true, strictFileInteractability: false, takesHeapSnapshot: true, takesScreenshot: true, timeouts: {implicit: 0, pageLoad: 300000, script: 30000}, unexpectedAlertBehaviour: ignore, unhandledPromptBehavior: ignore, version: 75.0.3770.100, webStorageEnabled: true}
Session ID: b51f332130f39969b4b80e28a82949ff
*** Element info: {Using=xpath, value=//*[@id=&amp;apos;accessSourceUrl&amp;apos;][@class=&amp;apos;primary source-link&amp;apos;]}">
      <![CDATA[org.openqa.selenium.NoSuchElementException: no such element: Unable to locate element: {"method":"xpath","selector":"//*[@id='accessSourceUrl'][@class='primary source-link']"}
  (Session info: chrome=75.0.3770.100)
  (Driver info: chromedriver=2.46.628402 (536cd7adbad73a3783fdc2cab92ab2ba7ec361e1),platform=Windows NT 10.0.16299 x86_64) (WARNING: The server did not provide any stacktrace information)
Command duration or timeout: 0 milliseconds
For documentation on this error, please visit: http://seleniumhq.org/exceptions/no_such_element.html
Build info: version: '3.13.0', revision: '2f0d292', time: '2018-06-25T15:24:21.231Z'
System info: host: 'GSD-89048532', ip: '10.187.66.178', os.name: 'Windows 10', os.arch: 'amd64', os.version: '10.0', java.version: '1.8.0_201'
Driver info: org.openqa.selenium.chrome.ChromeDriver
Capabilities {acceptInsecureCerts: false, acceptSslCerts: false, applicationCacheEnabled: false, browserConnectionEnabled: false, browserName: chrome, chrome: {chromedriverVersion: 2.46.628402 (536cd7adbad73a..., userDataDir: C:\Users\KUMARK~1\AppData\L...}, cssSelectorsEnabled: true, databaseEnabled: false, goog:chromeOptions: {debuggerAddress: localhost:52685}, handlesAlerts: true, hasTouchScreen: false, javascriptEnabled: true, locationContextEnabled: true, mobileEmulationEnabled: false, nativeEvents: true, networkConnectionEnabled: false, pageLoadStrategy: normal, platform: XP, platformName: XP, proxy: Proxy(manual, http=GSD-8904..., rotatable: false, setWindowRect: true, strictFileInteractability: false, takesHeapSnapshot: true, takesScreenshot: true, timeouts: {implicit: 0, pageLoad: 300000, script: 30000}, unexpectedAlertBehaviour: ignore, unhandledPromptBehavior: ignore, version: 75.0.3770.100, webStorageEnabled: true}
Session ID: b51f332130f39969b4b80e28a82949ff
*** Element info: {Using=xpath, value=//*[@id='accessSourceUrl'][@class='primary source-link']}
	at org.openqa.selenium.remote.ErrorHandler.createThrowable(ErrorHandler.java:214)
	at org.openqa.selenium.remote.ErrorHandler.throwIfResponseFailed(ErrorHandler.java:166)
	at org.openqa.selenium.remote.http.JsonHttpResponseCodec.reconstructValue(JsonHttpResponseCodec.java:40)
	at org.openqa.selenium.remote.http.AbstractHttpResponseCodec.decode(AbstractHttpResponseCodec.java:80)
	at org.openqa.selenium.remote.http.AbstractHttpResponseCodec.decode(AbstractHttpResponseCodec.java:44)
	at org.openqa.selenium.remote.HttpCommandExecutor.execute(HttpCommandExecutor.java:158)
	at org.openqa.selenium.remote.service.DriverCommandExecutor.execute(DriverCommandExecutor.java:83)
	at org.openqa.selenium.remote.RemoteWebDriver.execute(RemoteWebDriver.java:548)
	at org.openqa.selenium.remote.RemoteWebDriver.findElement(RemoteWebDriver.java:322)
	at org.openqa.selenium.remote.RemoteWebDriver.findElementByXPath(RemoteWebDriver.java:424)
	at org.openqa.selenium.By$ByXPath.findElement(By.java:353)
	at org.openqa.selenium.remote.RemoteWebDriver.findElement(RemoteWebDriver.java:314)
	at org.openqa.selenium.support.pagefactory.DefaultElementLocator.findElement(DefaultElementLocator.java:69)
	at org.openqa.selenium.support.pagefactory.internal.LocatingElementHandler.invoke(LocatingElementHandler.java:38)
	at com.sun.proxy.$Proxy12.click(Unknown Source)
	at com.hybridFramework.PageObject.ResearchCenter_FindSources.ClickOnGotosource_Button(ResearchCenter_FindSources.java:81)
	at com.hybridFramework.ResearchCentre.TSResearchCenter_AnalystReports.TC84_RC19_Analyst_Reports_SourcePage_Go(TSResearchCenter_AnalystReports.java:365)
... Removed 27 stack frames]]>
    </failure>
  </testcase> <!-- TC84_RC19_Analyst_Reports_SourcePage_Go -->
  <testcase name="TC85_RC10_Analyst_Reports_SourcePage_AddtoFavorite" time="90.338" classname="com.hybridFramework.ResearchCentre.TSResearchCenter_AnalystReports"/>
  <testcase name="TC86_RC13_Analyst_Reports_Source_Page_Remove_From_Favorite" time="64.845" classname="com.hybridFramework.ResearchCentre.TSResearchCenter_AnalystReports"/>
  <testcase name="TC87_RC16_Analyst_Reports_Source_Page_ShareWithCollegues" time="62.11" classname="com.hybridFramework.ResearchCentre.TSResearchCenter_AnalystReports"/>
  <testcase name="TC88_RC22_Analyst_Reports_Source_Page_ClickHereForTrainingResources" time="64.523" classname="com.hybridFramework.ResearchCentre.TSResearchCenter_AnalystReports"/>
  <testcase name="TC89_RC3_1_Analyst_Reports_Essential_AnalystReportSources" time="56.551" classname="com.hybridFramework.ResearchCentre.TSResearchCenter_AnalystReports"/>
  <testcase name="TC90_RC3_1_AnalystReports_FavoriteSources" time="60.044" classname="com.hybridFramework.ResearchCentre.TSResearchCenter_AnalystReports"/>
  <testcase name="TC91_RC64_65_Analyst_Reports_Thomas_One_ExpandCollapse" time="56.14" classname="com.hybridFramework.ResearchCentre.TSResearchCenter_AnalystReports"/>
  <testcase name="TC92_RC3_1_Analyst_Reports_Search_Search_Result" time="63.144" classname="com.hybridFramework.ResearchCentre.TSResearchCenter_AnalystReports"/>
  <testcase name="TC93_RC3_1_AnanlystReport_ViewOptions_Collapse" time="56.491" classname="com.hybridFramework.ResearchCentre.TSResearchCenter_AnalystReports"/>
  <testcase name="TC94_RC3_1_AnalystReport_ViewOptions_Expand" time="56.185" classname="com.hybridFramework.ResearchCentre.TSResearchCenter_AnalystReports"/>
  <testcase name="TC95_RC3_1_AnalystReports_ViewSummary_checkbox" time="60.701" classname="com.hybridFramework.ResearchCentre.TSResearchCenter_AnalystReports"/>
  <testcase name="TC96_RC3_1_AnalystReport_Copyright" time="58.827" classname="com.hybridFramework.ResearchCentre.TSResearchCenter_AnalystReports"/>
  <testcase name="TC97_RC3_1_Analyst_Reports_Search_Make_My_Default_Language" time="61.897" classname="com.hybridFramework.ResearchCentre.TSResearchCenter_AnalystReports"/>
  <testcase name="TC98_RC01_Company_Information_AddToFavorites" time="89.043" classname="com.hybridFramework.ResearchCentre.TSResearchCenter_CompanyInformation"/>
  <testcase name="TC99_RC01_Company_Information_RemoveFromFavorites" time="88.64" classname="com.hybridFramework.ResearchCentre.TSResearchCenter_CompanyInformation"/>
  <testcase name="TC100_RC01_Company_Information_Go" time="61.163" classname="com.hybridFramework.ResearchCentre.TSResearchCenter_CompanyInformation"/>
  <testcase name="TC101_RC25_26_30_Company_Information_Search_Company_Infopack" time="60.838" classname="com.hybridFramework.ResearchCentre.TSResearchCenter_CompanyInformation"/>
  <testcase name="TC102_RC01_Company_Information_InterestedinTraining" time="57.253" classname="com.hybridFramework.ResearchCentre.TSResearchCenter_CompanyInformation"/>
  <testcase name="TC103_RC01_Company_Information_Moreinfo" time="58.246" classname="com.hybridFramework.ResearchCentre.TSResearchCenter_CompanyInformation"/>
  <testcase name="TC104_RC3_1_Company_Information_ShareWithCollegues" time="61.337" classname="com.hybridFramework.ResearchCentre.TSResearchCenter_CompanyInformation"/>
  <testcase name="TC105_RC19_Company_Information_SourcePage_Go" time="67.311" classname="com.hybridFramework.ResearchCentre.TSResearchCenter_CompanyInformation"/>
  <testcase name="TC106_RC10_Company_Information_Source_Page_AddtoFavorite" time="91.539" classname="com.hybridFramework.ResearchCentre.TSResearchCenter_CompanyInformation"/>
  <testcase name="TC107_RC13_Company_Information_SourcePage_Remove_From_Favorite" time="62.174" classname="com.hybridFramework.ResearchCentre.TSResearchCenter_CompanyInformation"/>
  <testcase name="TC108_RC16_Company_Information_SourcePage_ShareWithCollegues" time="65.229" classname="com.hybridFramework.ResearchCentre.TSResearchCenter_CompanyInformation"/>
  <testcase name="TC109_RC22_Company_Information_Source_Page_Click_HereForTrainingResources" time="63.505" classname="com.hybridFramework.ResearchCentre.TSResearchCenter_CompanyInformation"/>
  <testcase name="TC110_RC3_1_Company_Information_Essential_Company_Sources" time="58.534" classname="com.hybridFramework.ResearchCentre.TSResearchCenter_CompanyInformation"/>
  <testcase name="TCTC111_RC3_1_Company_Information_Favourite_Sources" time="58.358" classname="com.hybridFramework.ResearchCentre.TSResearchCenter_CompanyInformation"/>
  <testcase name="TC112_RC64_65_Company_Information_OrbisCardExpand_Collapse" time="55.44" classname="com.hybridFramework.ResearchCentre.TSResearchCenter_CompanyInformation"/>
  <testcase name="TC113_RC3_1_CompanyInformation_ViewOptions_Collapse" time="57.633" classname="com.hybridFramework.ResearchCentre.TSResearchCenter_CompanyInformation"/>
  <testcase name="TC114_RC3_1_CompanyInformation_ViewOptions_Expand" time="56.385" classname="com.hybridFramework.ResearchCentre.TSResearchCenter_CompanyInformation"/>
  <testcase name="TC115_RC3_1_CompanyInformation_ViewSummary_checkbox" time="58.474" classname="com.hybridFramework.ResearchCentre.TSResearchCenter_CompanyInformation"/>
  <testcase name="TC116_RC3_1_CompanyInformation_Copyright" time="57.611" classname="com.hybridFramework.ResearchCentre.TSResearchCenter_CompanyInformation"/>
  <testcase name="TC117_RC25_26_30_Company_Information_Search_QuickSearch" time="62.996" classname="com.hybridFramework.ResearchCentre.TSResearchCenter_CompanyInformation"/>
  <testcase name="TC118_RC01_Macroeconomic_Information_AddToFavorites" time="86.623" classname="com.hybridFramework.ResearchCentre.TSResearchCenter_MacroeconomicInformation"/>
  <testcase name="TC119_RC01_MacroeconomicInformation_Remove_From_Favorites" time="87.303" classname="com.hybridFramework.ResearchCentre.TSResearchCenter_MacroeconomicInformation"/>
  <testcase name="TC120_RC01_Macroeconomic_Information_Go" time="66.098" classname="com.hybridFramework.ResearchCentre.TSResearchCenter_MacroeconomicInformation">
    <failure type="org.openqa.selenium.NoSuchElementException" message="no such element: Unable to locate element: {&amp;quot;method&amp;quot;:&amp;quot;xpath&amp;quot;,&amp;quot;selector&amp;quot;:&amp;quot;//section[@id=&amp;apos;EssentialSourcesTab&amp;apos; or @class=&amp;apos;essential&amp;apos;]/div/div/div/source-card/div/div/img[@alt=&amp;quot;Click on the BCG Financial Data Portal – S&amp;amp;P Capital IQ Financial Data logo to view more.&amp;quot;]/parent::div//a[text()=&amp;apos;Go&amp;apos;]&amp;quot;}
  (Session info: chrome=75.0.3770.100)
  (Driver info: chromedriver=2.46.628402 (536cd7adbad73a3783fdc2cab92ab2ba7ec361e1),platform=Windows NT 10.0.16299 x86_64) (WARNING: The server did not provide any stacktrace information)
Command duration or timeout: 0 milliseconds
For documentation on this error, please visit: http://seleniumhq.org/exceptions/no_such_element.html
Build info: version: &amp;apos;3.13.0&amp;apos;, revision: &amp;apos;2f0d292&amp;apos;, time: &amp;apos;2018-06-25T15:24:21.231Z&amp;apos;
System info: host: &amp;apos;GSD-89048532&amp;apos;, ip: &amp;apos;10.187.66.178&amp;apos;, os.name: &amp;apos;Windows 10&amp;apos;, os.arch: &amp;apos;amd64&amp;apos;, os.version: &amp;apos;10.0&amp;apos;, java.version: &amp;apos;1.8.0_201&amp;apos;
Driver info: org.openqa.selenium.chrome.ChromeDriver
Capabilities {acceptInsecureCerts: false, acceptSslCerts: false, applicationCacheEnabled: false, browserConnectionEnabled: false, browserName: chrome, chrome: {chromedriverVersion: 2.46.628402 (536cd7adbad73a..., userDataDir: C:\Users\KUMARK~1\AppData\L...}, cssSelectorsEnabled: true, databaseEnabled: false, goog:chromeOptions: {debuggerAddress: localhost:64722}, handlesAlerts: true, hasTouchScreen: false, javascriptEnabled: true, locationContextEnabled: true, mobileEmulationEnabled: false, nativeEvents: true, networkConnectionEnabled: false, pageLoadStrategy: normal, platform: XP, platformName: XP, proxy: Proxy(manual, http=GSD-8904..., rotatable: false, setWindowRect: true, strictFileInteractability: false, takesHeapSnapshot: true, takesScreenshot: true, timeouts: {implicit: 0, pageLoad: 300000, script: 30000}, unexpectedAlertBehaviour: ignore, unhandledPromptBehavior: ignore, version: 75.0.3770.100, webStorageEnabled: true}
Session ID: 953958ec4c33e3cc75fbb9c25ac259c6
*** Element info: {Using=xpath, value=//section[@id=&amp;apos;EssentialSourcesTab&amp;apos; or @class=&amp;apos;essential&amp;apos;]/div/div/div/source-card/div/div/img[@alt=&amp;quot;Click on the BCG Financial Data Portal – S&amp;amp;P Capital IQ Financial Data logo to view more.&amp;quot;]/parent::div//a[text()=&amp;apos;Go&amp;apos;]}">
      <![CDATA[org.openqa.selenium.NoSuchElementException: no such element: Unable to locate element: {"method":"xpath","selector":"//section[@id='EssentialSourcesTab' or @class='essential']/div/div/div/source-card/div/div/img[@alt="Click on the BCG Financial Data Portal – S&P Capital IQ Financial Data logo to view more."]/parent::div//a[text()='Go']"}
  (Session info: chrome=75.0.3770.100)
  (Driver info: chromedriver=2.46.628402 (536cd7adbad73a3783fdc2cab92ab2ba7ec361e1),platform=Windows NT 10.0.16299 x86_64) (WARNING: The server did not provide any stacktrace information)
Command duration or timeout: 0 milliseconds
For documentation on this error, please visit: http://seleniumhq.org/exceptions/no_such_element.html
Build info: version: '3.13.0', revision: '2f0d292', time: '2018-06-25T15:24:21.231Z'
System info: host: 'GSD-89048532', ip: '10.187.66.178', os.name: 'Windows 10', os.arch: 'amd64', os.version: '10.0', java.version: '1.8.0_201'
Driver info: org.openqa.selenium.chrome.ChromeDriver
Capabilities {acceptInsecureCerts: false, acceptSslCerts: false, applicationCacheEnabled: false, browserConnectionEnabled: false, browserName: chrome, chrome: {chromedriverVersion: 2.46.628402 (536cd7adbad73a..., userDataDir: C:\Users\KUMARK~1\AppData\L...}, cssSelectorsEnabled: true, databaseEnabled: false, goog:chromeOptions: {debuggerAddress: localhost:64722}, handlesAlerts: true, hasTouchScreen: false, javascriptEnabled: true, locationContextEnabled: true, mobileEmulationEnabled: false, nativeEvents: true, networkConnectionEnabled: false, pageLoadStrategy: normal, platform: XP, platformName: XP, proxy: Proxy(manual, http=GSD-8904..., rotatable: false, setWindowRect: true, strictFileInteractability: false, takesHeapSnapshot: true, takesScreenshot: true, timeouts: {implicit: 0, pageLoad: 300000, script: 30000}, unexpectedAlertBehaviour: ignore, unhandledPromptBehavior: ignore, version: 75.0.3770.100, webStorageEnabled: true}
Session ID: 953958ec4c33e3cc75fbb9c25ac259c6
*** Element info: {Using=xpath, value=//section[@id='EssentialSourcesTab' or @class='essential']/div/div/div/source-card/div/div/img[@alt="Click on the BCG Financial Data Portal – S&P Capital IQ Financial Data logo to view more."]/parent::div//a[text()='Go']}
	at org.openqa.selenium.remote.ErrorHandler.createThrowable(ErrorHandler.java:214)
	at org.openqa.selenium.remote.ErrorHandler.throwIfResponseFailed(ErrorHandler.java:166)
	at org.openqa.selenium.remote.http.JsonHttpResponseCodec.reconstructValue(JsonHttpResponseCodec.java:40)
	at org.openqa.selenium.remote.http.AbstractHttpResponseCodec.decode(AbstractHttpResponseCodec.java:80)
	at org.openqa.selenium.remote.http.AbstractHttpResponseCodec.decode(AbstractHttpResponseCodec.java:44)
	at org.openqa.selenium.remote.HttpCommandExecutor.execute(HttpCommandExecutor.java:158)
	at org.openqa.selenium.remote.service.DriverCommandExecutor.execute(DriverCommandExecutor.java:83)
	at org.openqa.selenium.remote.RemoteWebDriver.execute(RemoteWebDriver.java:548)
	at org.openqa.selenium.remote.RemoteWebDriver.findElement(RemoteWebDriver.java:322)
	at org.openqa.selenium.remote.RemoteWebDriver.findElementByXPath(RemoteWebDriver.java:424)
	at org.openqa.selenium.By$ByXPath.findElement(By.java:353)
	at org.openqa.selenium.remote.RemoteWebDriver.findElement(RemoteWebDriver.java:314)
	at org.openqa.selenium.support.pagefactory.DefaultElementLocator.findElement(DefaultElementLocator.java:69)
	at org.openqa.selenium.support.pagefactory.internal.LocatingElementHandler.invoke(LocatingElementHandler.java:38)
	at com.sun.proxy.$Proxy12.click(Unknown Source)
	at com.hybridFramework.PageObject.ResearchCenter_Home.ClickOnGotosourceLink(ResearchCenter_Home.java:118)
	at com.hybridFramework.ResearchCentre.TSResearchCenter_MacroeconomicInformation.TC120_RC01_Macroeconomic_Information_Go(TSResearchCenter_MacroeconomicInformation.java:139)
... Removed 27 stack frames]]>
    </failure>
  </testcase> <!-- TC120_RC01_Macroeconomic_Information_Go -->
</testsuite> <!-- Test -->
