<?xml version="1.0" encoding="UTF-8"?>
<!-- Generated by org.testng.reporters.JUnitReportReporter -->
<testsuite hostname="GSD-89048532" name="com.hybridFramework.ResearchCentre.TSResearchCenter_MacroeconomicInformation" tests="2" failures="1" timestamp="18 Jul 2019 06:28:21 GMT" time="262.521" errors="0">
  <testcase name="TC134TC160_RC3_1_MacroeconomicInformation_ViewSummary_checkbox" time="121.065" classname="com.hybridFramework.ResearchCentre.TSResearchCenter_MacroeconomicInformation"/>
  <testcase name="TC135_RC3_1_MacroeconomicInformation_Copyright" time="141.456" classname="com.hybridFramework.ResearchCentre.TSResearchCenter_MacroeconomicInformation">
    <failure type="java.lang.AssertionError" message="The following asserts failed:
	events is not verified expected [true] but found [false],
	v1 is not verified expected [true] but found [false],
	v3 is not verified expected [true] but found [false]">
      <![CDATA[java.lang.AssertionError: The following asserts failed:
	events is not verified expected [true] but found [false],
	v1 is not verified expected [true] but found [false],
	v3 is not verified expected [true] but found [false]
	at org.testng.asserts.SoftAssert.assertAll(SoftAssert.java:43)
	at com.hybridFramework.PageObject.ResearchCenter_MacroeconomicInformation.verifyEventsAndEvars(ResearchCenter_MacroeconomicInformation.java:58)
	at com.hybridFramework.ResearchCentre.TSResearchCenter_MacroeconomicInformation.TC135_RC3_1_MacroeconomicInformation_Copyright(TSResearchCenter_MacroeconomicInformation.java:380)
	at sun.reflect.NativeMethodAccessorImpl.invoke0(Native Method)
	at sun.reflect.NativeMethodAccessorImpl.invoke(Unknown Source)
	at sun.reflect.DelegatingMethodAccessorImpl.invoke(Unknown Source)
	at java.lang.reflect.Method.invoke(Unknown Source)
	at org.testng.internal.MethodInvocationHelper.invokeMethod(MethodInvocationHelper.java:85)
	at org.testng.internal.Invoker.invokeMethod(Invoker.java:639)
	at org.testng.internal.Invoker.invokeTestMethod(Invoker.java:816)
	at org.testng.internal.Invoker.invokeTestMethods(Invoker.java:1124)
	at org.testng.internal.TestMethodWorker.invokeTestMethods(TestMethodWorker.java:125)
	at org.testng.internal.TestMethodWorker.run(TestMethodWorker.java:108)
	at org.testng.TestRunner.privateRun(TestRunner.java:774)
	at org.testng.TestRunner.run(TestRunner.java:624)
	at org.testng.SuiteRunner.runTest(SuiteRunner.java:359)
	at org.testng.SuiteRunner.runSequentially(SuiteRunner.java:354)
	at org.testng.SuiteRunner.privateRun(SuiteRunner.java:312)
	at org.testng.SuiteRunner.run(SuiteRunner.java:261)
	at org.testng.SuiteRunnerWorker.runSuite(SuiteRunnerWorker.java:52)
	at org.testng.SuiteRunnerWorker.run(SuiteRunnerWorker.java:86)
	at org.testng.TestNG.runSuitesSequentially(TestNG.java:1215)
	at org.testng.TestNG.runSuitesLocally(TestNG.java:1140)
	at org.testng.TestNG.run(TestNG.java:1048)
	at org.testng.remote.RemoteTestNG.run(RemoteTestNG.java:112)
	at org.testng.remote.RemoteTestNG.initAndRun(RemoteTestNG.java:205)
	at org.testng.remote.RemoteTestNG.main(RemoteTestNG.java:176)
]]>
    </failure>
  </testcase> <!-- TC135_RC3_1_MacroeconomicInformation_Copyright -->
</testsuite> <!-- com.hybridFramework.ResearchCentre.TSResearchCenter_MacroeconomicInformation -->
