<?xml version="1.0" encoding="UTF-8"?>
<!-- Generated by org.testng.reporters.JUnitReportReporter -->
<testsuite hostname="GSD-89048532" name="com.hybridFramework.ResearchCentre.TSResearchCentre_NewsSources" tests="23" failures="1" timestamp="8 Jul 2019 11:57:15 GMT" time="2768.633" errors="1">
  <testcase name="TC68TC123_RC3_1_New_Sources_Search_Search_ResultClick" time="124.161" classname="com.hybridFramework.ResearchCentre.TSResearchCentre_NewsSources"/>
  <testcase name="TC73_RC3_1_Header_News_BCG_in_the_News_SearchResultClick" time="130.996" classname="com.hybridFramework.ResearchCentre.TSResearchCentre_NewsSources"/>
  <testcase name="TC54_RC01_NewsSources_Add_To_Favorites" time="146.243" classname="com.hybridFramework.ResearchCentre.TSResearchCentre_NewsSources"/>
  <testcase name="TC67_RC64_65_New_Sources_CardExpandCollapse" time="121.480" classname="com.hybridFramework.ResearchCentre.TSResearchCentre_NewsSources"/>
  <testcase name="TC62_RC10_News_Sources_Source_Page_AddtoFavorite" time="160.596" classname="com.hybridFramework.ResearchCentre.TSResearchCentre_NewsSources"/>
  <testcase name="TC66_RC3_1_New_Sources_Favourite_Sources" time="128.954" classname="com.hybridFramework.ResearchCentre.TSResearchCentre_NewsSources"/>
  <testcase name="TC75_RC3_1_Header_News_BCGNewsstand_SearchResultClick" time="121.730" classname="com.hybridFramework.ResearchCentre.TSResearchCentre_NewsSources"/>
  <testcase name="TC55_RC01_News_Sources_Remove_From_Favorites" time="146.713" classname="com.hybridFramework.ResearchCentre.TSResearchCentre_NewsSources"/>
  <testcase name="TC58_RC01_News_Sources_Interested_in_Training" time="89.378" classname="com.hybridFramework.ResearchCentre.TSResearchCentre_NewsSources"/>
  <testcase name="TC64_RC22_News_Sources_Source_Page_Click_Here_For_Training_Resources" time="126.167" classname="com.hybridFramework.ResearchCentre.TSResearchCentre_NewsSources"/>
  <testcase name="TC69_RC3_1_NewsSources_ViewOptions_Collapse" time="118.039" classname="com.hybridFramework.ResearchCentre.TSResearchCentre_NewsSources"/>
  <testcase name="TC59_RC01_News_Sources_MoreInfo" time="98.275" classname="com.hybridFramework.ResearchCentre.TSResearchCentre_NewsSources"/>
  <testcase name="TC70_RC3_1_NewsSources_ViewOptions_Expand" time="114.088" classname="com.hybridFramework.ResearchCentre.TSResearchCentre_NewsSources"/>
  <testcase name="TC63_NewsSources_Source_Page_Remove_From_Favorite" time="128.000" classname="com.hybridFramework.ResearchCentre.TSResearchCentre_NewsSources"/>
  <testcase name="TC60_RC3_1_News_Sources_ShareWithCollegue" time="91.918" classname="com.hybridFramework.ResearchCentre.TSResearchCentre_NewsSources"/>
  <testcase name="TC74RC3_1_Header_News_IndustryNews_SearchResultClick" time="126.249" classname="com.hybridFramework.ResearchCentre.TSResearchCentre_NewsSources"/>
  <testcase name="TC71_RC3_1_NewsSources_ViewSummary_checkbox" time="124.408" classname="com.hybridFramework.ResearchCentre.TSResearchCentre_NewsSources"/>
  <testcase name="TC61_RC19_News_Sources_Source_Page_GotoSource" time="98.208" classname="com.hybridFramework.ResearchCentre.TSResearchCentre_NewsSources"/>
  <testcase name="TC72_RC3_1_NewsSources_Copyright" time="119.426" classname="com.hybridFramework.ResearchCentre.TSResearchCentre_NewsSources"/>
  <testcase name="TC65_RC3_1_New_Sources_Essential_Sources_Link" time="141.299" classname="com.hybridFramework.ResearchCentre.TSResearchCentre_NewsSources">
    <error type="org.openqa.selenium.NoSuchElementException" message="no such element: Unable to locate element: {&quot;method&quot;:&quot;xpath&quot;,&quot;selector&quot;:&quot;//a[text()=&#039;News&#039;]&quot;}
  (Session info: chrome=75.0.3770.100)
  (Driver info: chromedriver=2.46.628402 (536cd7adbad73a3783fdc2cab92ab2ba7ec361e1),platform=Windows NT 10.0.16299 x86_64) (WARNING: The server did not provide any stacktrace information)
Command duration or timeout: 0 milliseconds
For documentation on this error, please visit: http://seleniumhq.org/exceptions/no_such_element.html
Build info: version: &#039;3.13.0&#039;, revision: &#039;2f0d292&#039;, time: &#039;2018-06-25T15:24:21.231Z&#039;
System info: host: &#039;GSD-89048532&#039;, ip: &#039;10.187.66.178&#039;, os.name: &#039;Windows 10&#039;, os.arch: &#039;amd64&#039;, os.version: &#039;10.0&#039;, java.version: &#039;1.8.0_201&#039;
Driver info: org.openqa.selenium.chrome.ChromeDriver
Capabilities {acceptInsecureCerts: false, acceptSslCerts: false, applicationCacheEnabled: false, browserConnectionEnabled: false, browserName: chrome, chrome: {chromedriverVersion: 2.46.628402 (536cd7adbad73a..., userDataDir: C:\Users\KUMARK~1\AppData\L...}, cssSelectorsEnabled: true, databaseEnabled: false, goog:chromeOptions: {debuggerAddress: localhost:63082}, handlesAlerts: true, hasTouchScreen: false, javascriptEnabled: true, locationContextEnabled: true, mobileEmulationEnabled: false, nativeEvents: true, networkConnectionEnabled: false, pageLoadStrategy: normal, platform: XP, platformName: XP, proxy: Proxy(manual, http=GSD-8904..., rotatable: false, setWindowRect: true, strictFileInteractability: false, takesHeapSnapshot: true, takesScreenshot: true, timeouts: {implicit: 0, pageLoad: 300000, script: 30000}, unexpectedAlertBehaviour: ignore, unhandledPromptBehavior: ignore, version: 75.0.3770.100, webStorageEnabled: true}
Session ID: 38311aaf75ec82607539f463bb559b35
*** Element info: {Using=xpath, value=//a[text()=&#039;News&#039;]}">
      <![CDATA[org.openqa.selenium.NoSuchElementException: no such element: Unable to locate element: {"method":"xpath","selector":"//a[text()='News']"}
  (Session info: chrome=75.0.3770.100)
  (Driver info: chromedriver=2.46.628402 (536cd7adbad73a3783fdc2cab92ab2ba7ec361e1),platform=Windows NT 10.0.16299 x86_64) (WARNING: The server did not provide any stacktrace information)
Command duration or timeout: 0 milliseconds
For documentation on this error, please visit: http://seleniumhq.org/exceptions/no_such_element.html
Build info: version: '3.13.0', revision: '2f0d292', time: '2018-06-25T15:24:21.231Z'
System info: host: 'GSD-89048532', ip: '10.187.66.178', os.name: 'Windows 10', os.arch: 'amd64', os.version: '10.0', java.version: '1.8.0_201'
Driver info: org.openqa.selenium.chrome.ChromeDriver
Capabilities {acceptInsecureCerts: false, acceptSslCerts: false, applicationCacheEnabled: false, browserConnectionEnabled: false, browserName: chrome, chrome: {chromedriverVersion: 2.46.628402 (536cd7adbad73a..., userDataDir: C:\Users\KUMARK~1\AppData\L...}, cssSelectorsEnabled: true, databaseEnabled: false, goog:chromeOptions: {debuggerAddress: localhost:63082}, handlesAlerts: true, hasTouchScreen: false, javascriptEnabled: true, locationContextEnabled: true, mobileEmulationEnabled: false, nativeEvents: true, networkConnectionEnabled: false, pageLoadStrategy: normal, platform: XP, platformName: XP, proxy: Proxy(manual, http=GSD-8904..., rotatable: false, setWindowRect: true, strictFileInteractability: false, takesHeapSnapshot: true, takesScreenshot: true, timeouts: {implicit: 0, pageLoad: 300000, script: 30000}, unexpectedAlertBehaviour: ignore, unhandledPromptBehavior: ignore, version: 75.0.3770.100, webStorageEnabled: true}
Session ID: 38311aaf75ec82607539f463bb559b35
*** Element info: {Using=xpath, value=//a[text()='News']}
	at sun.reflect.GeneratedConstructorAccessor88.newInstance(Unknown Source)
	at sun.reflect.DelegatingConstructorAccessorImpl.newInstance(Unknown Source)
	at java.lang.reflect.Constructor.newInstance(Unknown Source)
	at org.openqa.selenium.remote.ErrorHandler.createThrowable(ErrorHandler.java:214)
	at org.openqa.selenium.remote.ErrorHandler.throwIfResponseFailed(ErrorHandler.java:166)
	at org.openqa.selenium.remote.http.JsonHttpResponseCodec.reconstructValue(JsonHttpResponseCodec.java:40)
	at org.openqa.selenium.remote.http.AbstractHttpResponseCodec.decode(AbstractHttpResponseCodec.java:80)
	at org.openqa.selenium.remote.http.AbstractHttpResponseCodec.decode(AbstractHttpResponseCodec.java:44)
	at org.openqa.selenium.remote.HttpCommandExecutor.execute(HttpCommandExecutor.java:158)
	at org.openqa.selenium.remote.service.DriverCommandExecutor.execute(DriverCommandExecutor.java:83)
	at org.openqa.selenium.remote.RemoteWebDriver.execute(RemoteWebDriver.java:548)
	at org.openqa.selenium.remote.RemoteWebDriver.findElement(RemoteWebDriver.java:322)
	at org.openqa.selenium.remote.RemoteWebDriver.findElementByXPath(RemoteWebDriver.java:424)
	at org.openqa.selenium.By$ByXPath.findElement(By.java:353)
	at org.openqa.selenium.remote.RemoteWebDriver.findElement(RemoteWebDriver.java:314)
	at org.openqa.selenium.support.pagefactory.DefaultElementLocator.findElement(DefaultElementLocator.java:69)
	at org.openqa.selenium.support.pagefactory.internal.LocatingElementHandler.invoke(LocatingElementHandler.java:38)
	at com.sun.proxy.$Proxy12.click(Unknown Source)
	at com.hybridFramework.PageObject.ResearchCenter_NewsSources.ClickOnNews_Tab(ResearchCenter_NewsSources.java:68)
	at com.hybridFramework.ResearchCentre.TSResearchCentre_NewsSources.TC65_RC3_1_New_Sources_Essential_Sources_Link(TSResearchCentre_NewsSources.java:563)
	at sun.reflect.NativeMethodAccessorImpl.invoke0(Native Method)
	at sun.reflect.NativeMethodAccessorImpl.invoke(Unknown Source)
	at sun.reflect.DelegatingMethodAccessorImpl.invoke(Unknown Source)
	at java.lang.reflect.Method.invoke(Unknown Source)
	at org.testng.internal.MethodInvocationHelper.invokeMethod(MethodInvocationHelper.java:85)
	at org.testng.internal.Invoker.invokeMethod(Invoker.java:639)
	at org.testng.internal.Invoker.invokeTestMethod(Invoker.java:816)
	at org.testng.internal.Invoker.invokeTestMethods(Invoker.java:1124)
	at org.testng.internal.TestMethodWorker.invokeTestMethods(TestMethodWorker.java:125)
	at org.testng.internal.TestMethodWorker.run(TestMethodWorker.java:108)
	at org.testng.TestRunner.privateRun(TestRunner.java:774)
	at org.testng.TestRunner.run(TestRunner.java:624)
	at org.testng.SuiteRunner.runTest(SuiteRunner.java:359)
	at org.testng.SuiteRunner.runSequentially(SuiteRunner.java:354)
	at org.testng.SuiteRunner.privateRun(SuiteRunner.java:312)
	at org.testng.SuiteRunner.run(SuiteRunner.java:261)
	at org.testng.SuiteRunnerWorker.runSuite(SuiteRunnerWorker.java:52)
	at org.testng.SuiteRunnerWorker.run(SuiteRunnerWorker.java:86)
	at org.testng.TestNG.runSuitesSequentially(TestNG.java:1215)
	at org.testng.TestNG.runSuitesLocally(TestNG.java:1140)
	at org.testng.TestNG.run(TestNG.java:1048)
	at org.testng.remote.RemoteTestNG.run(RemoteTestNG.java:112)
	at org.testng.remote.RemoteTestNG.initAndRun(RemoteTestNG.java:205)
	at org.testng.remote.RemoteTestNG.main(RemoteTestNG.java:176)
]]>
    </error>
  </testcase> <!-- TC65_RC3_1_New_Sources_Essential_Sources_Link -->
  <testcase name="TCT57_RC01_News_Sources_Go_To_Source" time="83.284" classname="com.hybridFramework.ResearchCentre.TSResearchCentre_NewsSources"/>
  <testcase name="TC56_RC25_26_30_NewsSources_Search" time="118.408" classname="com.hybridFramework.ResearchCentre.TSResearchCentre_NewsSources"/>
  <testcase name="TC76_RC3_1_News_Sources_Search_Make_My_Default_language" time="110.613" classname="com.hybridFramework.ResearchCentre.TSResearchCentre_NewsSources">
    <failure type="java.lang.AssertionError" message="expected [1] but found [0]">
      <![CDATA[java.lang.AssertionError: expected [1] but found [0]
	at org.testng.Assert.fail(Assert.java:94)
	at org.testng.Assert.failNotEquals(Assert.java:496)
	at org.testng.Assert.assertEquals(Assert.java:125)
	at org.testng.Assert.assertEquals(Assert.java:372)
	at org.testng.Assert.assertEquals(Assert.java:382)
	at com.hybridFramework.testBase.TestBase.Custom_verifyEventTriggeredCount(TestBase.java:628)
	at com.hybridFramework.ResearchCentre.TSResearchCentre_NewsSources.TC76_RC3_1_News_Sources_Search_Make_My_Default_language(TSResearchCentre_NewsSources.java:1108)
	at sun.reflect.NativeMethodAccessorImpl.invoke0(Native Method)
	at sun.reflect.NativeMethodAccessorImpl.invoke(Unknown Source)
	at sun.reflect.DelegatingMethodAccessorImpl.invoke(Unknown Source)
	at java.lang.reflect.Method.invoke(Unknown Source)
	at org.testng.internal.MethodInvocationHelper.invokeMethod(MethodInvocationHelper.java:85)
	at org.testng.internal.Invoker.invokeMethod(Invoker.java:639)
	at org.testng.internal.Invoker.invokeTestMethod(Invoker.java:816)
	at org.testng.internal.Invoker.invokeTestMethods(Invoker.java:1124)
	at org.testng.internal.TestMethodWorker.invokeTestMethods(TestMethodWorker.java:125)
	at org.testng.internal.TestMethodWorker.run(TestMethodWorker.java:108)
	at org.testng.TestRunner.privateRun(TestRunner.java:774)
	at org.testng.TestRunner.run(TestRunner.java:624)
	at org.testng.SuiteRunner.runTest(SuiteRunner.java:359)
	at org.testng.SuiteRunner.runSequentially(SuiteRunner.java:354)
	at org.testng.SuiteRunner.privateRun(SuiteRunner.java:312)
	at org.testng.SuiteRunner.run(SuiteRunner.java:261)
	at org.testng.SuiteRunnerWorker.runSuite(SuiteRunnerWorker.java:52)
	at org.testng.SuiteRunnerWorker.run(SuiteRunnerWorker.java:86)
	at org.testng.TestNG.runSuitesSequentially(TestNG.java:1215)
	at org.testng.TestNG.runSuitesLocally(TestNG.java:1140)
	at org.testng.TestNG.run(TestNG.java:1048)
	at org.testng.remote.RemoteTestNG.run(RemoteTestNG.java:112)
	at org.testng.remote.RemoteTestNG.initAndRun(RemoteTestNG.java:205)
	at org.testng.remote.RemoteTestNG.main(RemoteTestNG.java:176)
]]>
    </failure>
  </testcase> <!-- TC76_RC3_1_News_Sources_Search_Make_My_Default_language -->
</testsuite> <!-- com.hybridFramework.ResearchCentre.TSResearchCentre_NewsSources -->
